<?xml version="1.0" encoding="utf-8" standalone="no"?>
<test-results xmlns:xsi="http://www.w3.org/2001/XMLSchema-instance" xsi:noNamespaceSchemaLocation="nunit_schema_2.5.xsd" name="Pester" total="9" errors="0" failures="0" not-run="0" inconclusive="0" ignored="0" skipped="0" invalid="0" date="2024-01-10" time="22:16:18">
  <environment os-version="10.0.22621" cwd="C:\Users\rasmusl\Source\Repos\AzureLandingZonesDemo" user="rasmusl" nunit-version="2.5.8.0" clr-version="8.0.0" platform="Microsoft Windows 11 Enterprise|C:\Windows|\Device\Harddisk0\Partition3" machine-name="RASMUSL" user-domain="EUROPE" />
  <culture-info current-culture="da-DK" current-uiculture="en-US" />
  <test-suite type="TestFixture" name="Pester" executed="True" result="Success" success="True" time="0.1341" asserts="0" description="Pester">
    <results>
      <test-suite type="TestFixture" name="C:\Users\rasmusl\Source\Repos\AzureLandingZonesDemo\modules\policies\scripts\Test-Initiative.Tests.ps1" executed="True" result="Success" success="True" time="0.0621" asserts="0" description="C:\Users\rasmusl\Source\Repos\AzureLandingZonesDemo\modules\policies\scripts\Test-Initiative.Tests.ps1">
        <results>
          <test-suite type="TestFixture" name="Test-Initiative" executed="True" result="Success" success="True" time="0.0229" asserts="0" description="Test-Initiative">
            <results>
              <test-suite type="ParameterizedTest" name="Test-Initiative.&lt;PSItem.Name&gt; is an initiative" executed="True" result="Success" success="True" time="0.0051" asserts="0" description="&lt;PSItem.Name&gt; is an initiative">
                <results>
                  <test-case description="configure-key-vault-security.json is an initiative" name="Test-Initiative.configure-key-vault-security.json is an initiative" time="0.0051" asserts="0" success="True" result="Success" executed="True" />
                </results>
              </test-suite>
              <test-suite type="ParameterizedTest" name="Test-Initiative.&lt;PSItem.Name&gt; refers to custom initiatives by prefix" executed="True" result="Success" success="True" time="0.0048" asserts="0" description="&lt;PSItem.Name&gt; refers to custom initiatives by prefix">
                <results>
                  <test-case description="configure-key-vault-security.json refers to custom initiatives by prefix" name="Test-Initiative.configure-key-vault-security.json refers to custom initiatives by prefix" time="0.0048" asserts="0" success="True" result="Success" executed="True" />
                </results>
              </test-suite>
              <test-suite type="ParameterizedTest" name="Test-Initiative.&lt;PSItem.Name&gt; name is same as file name" executed="True" result="Success" success="True" time="0.009" asserts="0" description="&lt;PSItem.Name&gt; name is same as file name">
                <results>
                  <test-case description="configure-key-vault-security.json name is same as file name" name="Test-Initiative.configure-key-vault-security.json name is same as file name" time="0.009" asserts="0" success="True" result="Success" executed="True" />
                </results>
              </test-suite>
            </results>
          </test-suite>
        </results>
      </test-suite>
      <test-suite type="TestFixture" name="C:\Users\rasmusl\Source\Repos\AzureLandingZonesDemo\modules\policies\scripts\Test-Policy.Tests.ps1" executed="True" result="Success" success="True" time="0.0695" asserts="0" description="C:\Users\rasmusl\Source\Repos\AzureLandingZonesDemo\modules\policies\scripts\Test-Policy.Tests.ps1">
        <results>
          <test-suite type="TestFixture" name="Test-Policy" executed="True" result="Success" success="True" time="0.0326" asserts="0" description="Test-Policy">
            <results>
              <test-suite type="ParameterizedTest" name="Test-Policy.&lt;PSItem.Name&gt; is a policy definition" executed="True" result="Success" success="True" time="0.0128" asserts="0" description="&lt;PSItem.Name&gt; is a policy definition">
                <results>
                  <test-case description="key-vault-configure-purge-protection.json is a policy definition" name="Test-Policy.key-vault-configure-purge-protection.json is a policy definition" time="0.0038" asserts="0" success="True" result="Success" executed="True" />
                  <test-case description="key-vault-configure-rbac-authorization.json is a policy definition" name="Test-Policy.key-vault-configure-rbac-authorization.json is a policy definition" time="0.0038" asserts="0" success="True" result="Success" executed="True" />
                  <test-case description="key-vault-configure-soft-delete.json is a policy definition" name="Test-Policy.key-vault-configure-soft-delete.json is a policy definition" time="0.0052" asserts="0" success="True" result="Success" executed="True" />
                </results>
              </test-suite>
              <test-suite type="ParameterizedTest" name="Test-Policy.&lt;PSItem.Name&gt; name is same as file name" executed="True" result="Success" success="True" time="0.0158" asserts="0" description="&lt;PSItem.Name&gt; name is same as file name">
                <results>
                  <test-case description="key-vault-configure-purge-protection.json name is same as file name" name="Test-Policy.key-vault-configure-purge-protection.json name is same as file name" time="0.0073" asserts="0" success="True" result="Success" executed="True" />
                  <test-case description="key-vault-configure-rbac-authorization.json name is same as file name" name="Test-Policy.key-vault-configure-rbac-authorization.json name is same as file name" time="0.0047" asserts="0" success="True" result="Success" executed="True" />
                  <test-case description="key-vault-configure-soft-delete.json name is same as file name" name="Test-Policy.key-vault-configure-soft-delete.json name is same as file name" time="0.0038" asserts="0" success="True" result="Success" executed="True" />
                </results>
              </test-suite>
            </results>
          </test-suite>
        </results>
      </test-suite>
    </results>
  </test-suite>
</test-results>